2019-12-09T01:14:52.098Z - normal: Load ~/.CocosCreator/settings.json
2019-12-09T01:14:53.326Z - normal: Initializing Asset Database
2019-12-09T01:14:53.326Z - normal: checking language setting...
2019-12-09T01:14:53.326Z - normal: Language: zh
2019-12-09T01:14:54.299Z - success: preview server running at http://localhost:7456
2019-12-09T01:14:54.299Z - success: protocol editor-framework registered
2019-12-09T01:14:54.299Z - success: protocol app registered
2019-12-09T01:14:54.299Z - success: protocol theme registered
2019-12-09T01:14:54.299Z - success: protocol packages registered
2019-12-09T01:14:54.299Z - success: protocol uuid registerred
2019-12-09T01:14:54.299Z - success: protocol db registerred
2019-12-09T01:14:54.299Z - success: protocol thumbnail registerred
2019-12-09T01:14:54.299Z - success: protocol unpack registerred
2019-12-09T01:14:54.299Z - success: protocol disable-commonjs registerred
2019-12-09T01:14:54.410Z - normal: connected!
2019-12-09T01:14:54.425Z - normal: Check project C:\Users\Resol\Documents\Projects\GameMyDemo\AirFight _TS
2019-12-09T01:14:54.425Z - normal: Initializing project C:\Users\Resol\Documents\Projects\GameMyDemo\AirFight _TS
2019-12-09T01:14:55.005Z - normal: Initializing Cocos2d
2019-12-09T01:14:57.434Z - normal: Initializing engine extends
2019-12-09T01:14:57.482Z - success: asset-db-debugger loaded
2019-12-09T01:14:57.513Z - success: baidu-adapter loaded
2019-12-09T01:14:57.513Z - success: code-editor loaded
2019-12-09T01:14:57.529Z - success: color-picker loaded
2019-12-09T01:14:57.685Z - success: fb-audience-network loaded
2019-12-09T01:14:57.763Z - success: fb-live-stream loaded
2019-12-09T01:14:57.779Z - success: google-play-instant loaded
2019-12-09T01:14:57.810Z - success: huawei-runtime loaded
2019-12-09T01:14:57.810Z - success: jsb-adapter loaded
2019-12-09T01:14:57.857Z - success: oppo-runtime loaded
2019-12-09T01:14:57.872Z - success: package-manager loaded
2019-12-09T01:14:58.122Z - success: qqplay-adapter loaded
2019-12-09T01:14:58.122Z - success: runtime-dev-tools loaded
2019-12-09T01:14:58.138Z - success: sdkbox loaded
2019-12-09T01:14:58.153Z - success: tester loaded
2019-12-09T01:14:58.153Z - success: ui-grid loaded
2019-12-09T01:14:58.169Z - success: ui-kit-preview-extra loaded
2019-12-09T01:14:58.185Z - success: ui-kit-preview loaded
2019-12-09T01:14:58.185Z - success: ui-kit loaded
2019-12-09T01:14:58.200Z - success: ui-tree loaded
2019-12-09T01:14:58.218Z - success: vivo-runtime loaded
2019-12-09T01:14:58.234Z - success: weapp-adapter loaded
2019-12-09T01:14:58.265Z - success: assets loaded
2019-12-09T01:14:58.265Z - success: builder loaded
2019-12-09T01:14:58.523Z - success: cocos-services loaded
2019-12-09T01:14:58.523Z - success: console loaded
2019-12-09T01:14:58.555Z - success: fb-instant-games loaded
2019-12-09T01:14:58.555Z - success: google-instant-games loaded
2019-12-09T01:14:58.570Z - success: hierarchy loaded
2019-12-09T01:14:58.570Z - success: inspector loaded
2019-12-09T01:14:58.570Z - success: keystore loaded
2019-12-09T01:14:58.570Z - success: node-library loaded
2019-12-09T01:14:58.570Z - success: package-asset loaded
2019-12-09T01:14:58.570Z - success: preferences loaded
2019-12-09T01:14:58.570Z - success: project-exporter loaded
2019-12-09T01:14:58.586Z - success: project-importer loaded
2019-12-09T01:14:58.586Z - success: project-settings loaded
2019-12-09T01:14:58.586Z - success: scene loaded
2019-12-09T01:14:58.586Z - success: simulator-debugger loaded
2019-12-09T01:14:58.586Z - success: sprite-editor loaded
2019-12-09T01:14:58.586Z - success: store loaded
2019-12-09T01:14:58.602Z - success: timeline loaded
2019-12-09T01:14:58.602Z - success: clean loaded
2019-12-09T01:15:00.665Z - info: Cocos Services load base data!
2019-12-09T01:15:02.467Z - normal: Loading packages
2019-12-09T01:15:02.490Z - normal: Watching packages
2019-12-09T01:15:03.102Z - normal: Run Application
2019-12-09T03:10:15.188Z - info: shutdown preview server
