2019-12-18T02:06:12.299Z - normal: Load ~/.CocosCreator/settings.json
2019-12-18T02:06:13.551Z - normal: Initializing Asset Database
2019-12-18T02:06:13.560Z - normal: checking language setting...
2019-12-18T02:06:13.560Z - normal: Language: zh
2019-12-18T02:06:14.980Z - success: preview server running at http://localhost:7459
2019-12-18T02:06:14.980Z - success: protocol editor-framework registered
2019-12-18T02:06:14.980Z - success: protocol app registered
2019-12-18T02:06:14.981Z - success: protocol theme registered
2019-12-18T02:06:14.981Z - success: protocol packages registered
2019-12-18T02:06:14.981Z - success: protocol uuid registerred
2019-12-18T02:06:14.981Z - success: protocol db registerred
2019-12-18T02:06:14.981Z - success: protocol thumbnail registerred
2019-12-18T02:06:14.981Z - success: protocol unpack registerred
2019-12-18T02:06:14.981Z - success: protocol disable-commonjs registerred
2019-12-18T02:06:15.107Z - normal: connected!
2019-12-18T02:06:15.108Z - normal: Check project C:\Users\Resol\Documents\Projects\GameMyDemo\AirFight _TS
2019-12-18T02:06:15.110Z - normal: Initializing project C:\Users\Resol\Documents\Projects\GameMyDemo\AirFight _TS
2019-12-18T02:06:15.730Z - normal: Initializing Cocos2d
2019-12-18T02:06:18.800Z - normal: Initializing engine extends
2019-12-18T02:06:18.842Z - success: asset-db-debugger loaded
2019-12-18T02:06:18.851Z - success: baidu-adapter loaded
2019-12-18T02:06:18.866Z - success: code-editor loaded
2019-12-18T02:06:18.875Z - success: color-picker loaded
2019-12-18T02:06:19.020Z - success: fb-audience-network loaded
2019-12-18T02:06:19.114Z - success: fb-live-stream loaded
2019-12-18T02:06:19.137Z - success: google-play-instant loaded
2019-12-18T02:06:19.165Z - success: huawei-runtime loaded
2019-12-18T02:06:19.167Z - success: jsb-adapter loaded
2019-12-18T02:06:19.195Z - success: oppo-runtime loaded
2019-12-18T02:06:19.206Z - success: package-manager loaded
2019-12-18T02:06:19.484Z - success: qqplay-adapter loaded
2019-12-18T02:06:19.495Z - success: runtime-dev-tools loaded
2019-12-18T02:06:19.510Z - success: sdkbox loaded
2019-12-18T02:06:19.525Z - success: tester loaded
2019-12-18T02:06:19.555Z - success: ui-grid loaded
2019-12-18T02:06:19.568Z - success: ui-kit-preview-extra loaded
2019-12-18T02:06:19.572Z - success: ui-kit-preview loaded
2019-12-18T02:06:19.575Z - success: ui-kit loaded
2019-12-18T02:06:19.585Z - success: ui-tree loaded
2019-12-18T02:06:19.614Z - success: vivo-runtime loaded
2019-12-18T02:06:19.619Z - success: weapp-adapter loaded
2019-12-18T02:06:19.710Z - success: assets loaded
2019-12-18T02:06:19.713Z - success: builder loaded
2019-12-18T02:06:20.150Z - success: cocos-services loaded
2019-12-18T02:06:20.160Z - success: console loaded
2019-12-18T02:06:20.233Z - success: fb-instant-games loaded
2019-12-18T02:06:20.237Z - success: google-instant-games loaded
2019-12-18T02:06:20.242Z - success: hierarchy loaded
2019-12-18T02:06:20.245Z - success: inspector loaded
2019-12-18T02:06:20.246Z - success: keystore loaded
2019-12-18T02:06:20.251Z - success: node-library loaded
2019-12-18T02:06:20.252Z - success: package-asset loaded
2019-12-18T02:06:20.254Z - success: preferences loaded
2019-12-18T02:06:20.255Z - success: project-exporter loaded
2019-12-18T02:06:20.258Z - success: project-importer loaded
2019-12-18T02:06:20.259Z - success: project-settings loaded
2019-12-18T02:06:20.263Z - success: scene loaded
2019-12-18T02:06:20.265Z - success: simulator-debugger loaded
2019-12-18T02:06:20.267Z - success: sprite-editor loaded
2019-12-18T02:06:20.270Z - success: store loaded
2019-12-18T02:06:20.275Z - success: timeline loaded
2019-12-18T02:06:20.277Z - success: clean loaded
2019-12-18T02:06:22.663Z - info: Cocos Services load base data!
2019-12-18T02:06:25.147Z - normal: Loading packages
2019-12-18T02:06:25.154Z - normal: Watching packages
2019-12-18T02:06:25.838Z - normal: Run Application
2019-12-18T02:14:22.764Z - info: shutdown preview server
